#
# There is insufficient memory for the Java Runtime Environment to continue.
# Native memory allocation (malloc) failed to allocate 32744 bytes for ChunkPool::allocate
# Possible reasons:
#   The system is out of physical RAM or swap space
#   The process is running with CompressedOops enabled, and the Java Heap may be blocking the growth of the native heap
# Possible solutions:
#   Reduce memory load on the system
#   Increase physical memory or swap space
#   Check if swap backing store is full
#   Decrease Java heap size (-Xmx/-Xms)
#   Decrease number of Java threads
#   Decrease Java thread stack sizes (-Xss)
#   Set larger code cache with -XX:ReservedCodeCacheSize=
#   JVM is running with Unscaled Compressed Oops mode in which the Java heap is
#     placed in the first 4GB address space. The Java Heap base address is the
#     maximum limit for the native heap growth. Please use -XX:HeapBaseMinAddress
#     to set the Java Heap base and to place the Java Heap above 4GB virtual address.
# This output file may be truncated or incomplete.
#
#  Out of Memory Error (t:/workspace/open/src/hotspot/share/memory/arena.cpp:81), pid=26792, tid=26908
#
# JRE version: Java(TM) SE Runtime Environment (12.0.2+10) (build 12.0.2+10)
# Java VM: Java HotSpot(TM) 64-Bit Server VM (12.0.2+10, mixed mode, sharing, tiered, compressed oops, g1 gc, windows-amd64)
# No core dump will be written. Minidumps are not enabled by default on client versions of Windows
#

---------------  S U M M A R Y ------------

Command Line: -Dapplication.home=C:\Program Files\Java\jdk-12.0.2 --add-modules=ALL-DEFAULT -Xms8m -Djdk.module.main=jdk.compiler jdk.compiler/com.sun.tools.javac.Main -d E:\java\travel managment system\build\classes -classpath E:\java\travel managment system\build\classes;E:\java\travel managment system\lib\mysql-connector-java-8.0.21.jar -sourcepath E:\java\travel managment system\src -target 12 -encoding UTF-8 -g -processorpath E:\java\travel managment system\lib\mysql-connector-java-8.0.21.jar;E:\java\travel managment system\build\empty -s E:\java\travel managment system\build\generated-sources\ap-source-output -source 12 E:\java\travel managment system\src\travel\management\system\BookingConfirm.java

Host: Intel(R) Core(TM) i5-8250U CPU @ 1.60GHz, 8 cores, 7G,  Windows 10 , 64 bit Build 18362 (10.0.18362.1110)
Time: Sat Jan  2 00:28:00 2021 India Standard Time elapsed time: 0 seconds (0d 0h 0m 0s)

---------------  T H R E A D  ---------------

Current thread (0x00000142a9be9800):  JavaThread "main" [_thread_in_vm, id=26908, stack(0x0000001b70a00000,0x0000001b70b00000)]

Stack: [0x0000001b70a00000,0x0000001b70b00000]
Native frames: (J=compiled Java code, j=interpreted, Vv=VM code, C=native code)
V  [jvm.dll+0x63aa2a]
V  [jvm.dll+0x78ce1e]
V  [jvm.dll+0x78e4c1]
V  [jvm.dll+0x78eb13]
V  [jvm.dll+0x2627e8]
V  [jvm.dll+0xc57f6]
V  [jvm.dll+0xc5b4c]
V  [jvm.dll+0x69c32a]
V  [jvm.dll+0x69d55d]
V  [jvm.dll+0x386b9d]
V  [jvm.dll+0x385d88]
V  [jvm.dll+0x385d28]
V  [jvm.dll+0x39452d]
C  0x00000142b200f88d

Java frames: (J=compiled Java code, j=interpreted, Vv=VM code)
j  java.nio.HeapByteBuffer.asIntBuffer()Ljava/nio/IntBuffer;+41 java.base@12.0.2
j  jdk.internal.jimage.ImageReader$SharedImageReader.visitLocation(Ljdk/internal/jimage/ImageLocation;Ljdk/internal/jimage/ImageReader$SharedImageReader$LocationVisitor;)V+24 java.base@12.0.2
j  jdk.internal.jimage.ImageReader$SharedImageReader.handleModulesSubTree(Ljava/lang/String;Ljdk/internal/jimage/ImageLocation;)Ljdk/internal/jimage/ImageReader$Node;+42 java.base@12.0.2
j  jdk.internal.jimage.ImageReader$SharedImageReader.buildNode(Ljava/lang/String;)Ljdk/internal/jimage/ImageReader$Node;+69 java.base@12.0.2
j  jdk.internal.jimage.ImageReader$SharedImageReader.findNode(Ljava/lang/String;)Ljdk/internal/jimage/ImageReader$Node;+30 java.base@12.0.2
j  jdk.internal.jimage.ImageReader.findNode(Ljava/lang/String;)Ljdk/internal/jimage/ImageReader$Node;+9 java.base@12.0.2
j  jdk.internal.jrtfs.SystemImage$1.findNode(Ljava/lang/String;)Ljdk/internal/jimage/ImageReader$Node;+5 java.base@12.0.2
j  jdk.internal.jrtfs.JrtFileSystem.lookup(Ljava/lang/String;)Ljdk/internal/jimage/ImageReader$Node;+5 java.base@12.0.2
j  jdk.internal.jrtfs.JrtFileSystem.checkNode(Ljdk/internal/jrtfs/JrtPath;)Ljdk/internal/jimage/ImageReader$Node;+11 java.base@12.0.2
j  jdk.internal.jrtfs.JrtFileSystem.isDirectory(Ljdk/internal/jrtfs/JrtPath;Z)Z+2 java.base@12.0.2
j  jdk.internal.jrtfs.JrtDirectoryStream.<init>(Ljdk/internal/jrtfs/JrtPath;Ljava/nio/file/DirectoryStream$Filter;)V+15 java.base@12.0.2
j  jdk.internal.jrtfs.JrtPath.newDirectoryStream(Ljava/nio/file/DirectoryStream$Filter;)Ljava/nio/file/DirectoryStream;+6 java.base@12.0.2
j  jdk.internal.jrtfs.JrtFileSystemProvider.newDirectoryStream(Ljava/nio/file/Path;Ljava/nio/file/DirectoryStream$Filter;)Ljava/nio/file/DirectoryStream;+5 java.base@12.0.2
j  java.nio.file.Files.newDirectoryStream(Ljava/nio/file/Path;Ljava/nio/file/DirectoryStream$Filter;)Ljava/nio/file/DirectoryStream;+6 java.base@12.0.2
j  com.sun.tools.javac.file.Locations$SystemModulesLocationHandler.initSystemModules()V+257 jdk.compiler@12.0.2
j  com.sun.tools.javac.file.Locations$SystemModulesLocationHandler.listLocationsForModules()Ljava/lang/Iterable;+1 jdk.compiler@12.0.2
j  com.sun.tools.javac.file.Locations.listLocationsForModules(Ljavax/tools/JavaFileManager$Location;)Ljava/lang/Iterable;+15 jdk.compiler@12.0.2
j  com.sun.tools.javac.file.JavacFileManager.listLocationsForModules(Ljavax/tools/JavaFileManager$Location;)Ljava/lang/Iterable;+10 jdk.compiler@12.0.2
j  com.sun.tools.javac.code.ModuleFinder$ModuleLocationIterator.hasNext()Z+66 jdk.compiler@12.0.2
j  com.sun.tools.javac.code.ModuleFinder.scanModulePath(Lcom/sun/tools/javac/code/Symbol$ModuleSymbol;)Lcom/sun/tools/javac/util/List;+34 jdk.compiler@12.0.2
j  com.sun.tools.javac.code.ModuleFinder.findAllModules()Lcom/sun/tools/javac/util/List;+2 jdk.compiler@12.0.2
j  com.sun.tools.javac.comp.Modules.getUnnamedModuleCompleter()Lcom/sun/tools/javac/code/Symbol$Completer;+4 jdk.compiler@12.0.2
j  com.sun.tools.javac.comp.Modules.setCompilationUnitModules(Lcom/sun/tools/javac/util/List;Ljava/util/Set;Lcom/sun/tools/javac/code/Symbol$ClassSymbol;)V+891 jdk.compiler@12.0.2
j  com.sun.tools.javac.comp.Modules.enter(Lcom/sun/tools/javac/util/List;Ljava/util/function/Consumer;Lcom/sun/tools/javac/code/Symbol$ClassSymbol;)Z+95 jdk.compiler@12.0.2
j  com.sun.tools.javac.comp.Modules.initModules(Lcom/sun/tools/javac/util/List;)V+36 jdk.compiler@12.0.2
j  com.sun.tools.javac.main.JavaCompiler.initModules(Lcom/sun/tools/javac/util/List;)Lcom/sun/tools/javac/util/List;+5 jdk.compiler@12.0.2
j  com.sun.tools.javac.main.JavaCompiler.compile(Ljava/util/Collection;Ljava/util/Collection;Ljava/lang/Iterable;Ljava/util/Collection;)V+298 jdk.compiler@12.0.2
j  com.sun.tools.javac.main.Main.compile([Ljava/lang/String;Lcom/sun/tools/javac/util/Context;)Lcom/sun/tools/javac/main/Main$Result;+611 jdk.compiler@12.0.2
j  com.sun.tools.javac.main.Main.compile([Ljava/lang/String;)Lcom/sun/tools/javac/main/Main$Result;+15 jdk.compiler@12.0.2
j  com.sun.tools.javac.Main.compile([Ljava/lang/String;)I+12 jdk.compiler@12.0.2
j  com.sun.tools.javac.Main.main([Ljava/lang/String;)V+1 jdk.compiler@12.0.2
v  ~StubRoutines::call_stub

---------------  P R O C E S S  ---------------

Threads class SMR info:
_java_thread_list=0x00000142c95bc7b0, length=10, elements={
0x00000142a9be9800, 0x00000142c900a000, 0x00000142c900b000, 0x00000142c9026000,
0x00000142c902b000, 0x00000142c902c000, 0x00000142c902f000, 0x00000142c9032800,
0x00000142c924b800, 0x00000142c92e7800
}

Java Threads: ( => current thread )
=>0x00000142a9be9800 JavaThread "main" [_thread_in_vm, id=26908, stack(0x0000001b70a00000,0x0000001b70b00000)]
  0x00000142c900a000 JavaThread "Reference Handler" daemon [_thread_blocked, id=26924, stack(0x0000001b71100000,0x0000001b71200000)]
  0x00000142c900b000 JavaThread "Finalizer" daemon [_thread_blocked, id=26928, stack(0x0000001b71200000,0x0000001b71300000)]
  0x00000142c9026000 JavaThread "Signal Dispatcher" daemon [_thread_blocked, id=26932, stack(0x0000001b71300000,0x0000001b71400000)]
  0x00000142c902b000 JavaThread "Attach Listener" daemon [_thread_blocked, id=26936, stack(0x0000001b71400000,0x0000001b71500000)]
  0x00000142c902c000 JavaThread "C2 CompilerThread0" daemon [_thread_blocked, id=26940, stack(0x0000001b71500000,0x0000001b71600000)]
  0x00000142c902f000 JavaThread "C1 CompilerThread0" daemon [_thread_in_native, id=26944, stack(0x0000001b71600000,0x0000001b71700000)]
  0x00000142c9032800 JavaThread "Sweeper thread" daemon [_thread_blocked, id=26948, stack(0x0000001b71700000,0x0000001b71800000)]
  0x00000142c924b800 JavaThread "Common-Cleaner" daemon [_thread_blocked, id=26956, stack(0x0000001b71800000,0x0000001b71900000)]
  0x00000142c92e7800 JavaThread "Service Thread" daemon [_thread_blocked, id=26904, stack(0x0000001b71a00000,0x0000001b71b00000)]

Other Threads:
  0x00000142c9008800 VMThread "VM Thread" [stack: 0x0000001b71000000,0x0000001b71100000] [id=26920]
  0x00000142c92da800 WatcherThread [stack: 0x0000001b71b00000,0x0000001b71c00000] [id=24428]
  0x00000142a9c28000 GCTaskThread "GC Thread#0" [stack: 0x0000001b70b00000,0x0000001b70c00000] [id=26912]
  0x00000142c9362800 GCTaskThread "GC Thread#1" [stack: 0x0000001b71c00000,0x0000001b71d00000] [id=24844]
  0x00000142a9c36800 ConcurrentGCThread "G1 Main Marker" [stack: 0x0000001b70c00000,0x0000001b70d00000] [id=26848]
  0x00000142a9c38800 ConcurrentGCThread "G1 Conc#0" [stack: 0x0000001b70d00000,0x0000001b70e00000] [id=26860]
  0x00000142a9c64000 ConcurrentGCThread "G1 Refine#0" [stack: 0x0000001b70e00000,0x0000001b70f00000] [id=26856]
  0x00000142a9c65000 ConcurrentGCThread "G1 Young RemSet Sampling" [stack: 0x0000001b70f00000,0x0000001b71000000] [id=26916]

Threads with active compile tasks:
C1 CompilerThread0   574   !   3       com.sun.tools.javac.parser.JavaTokenizer::readToken (2171 bytes)

VM state:not at safepoint (normal execution)

VM Mutex/Monitor currently owned by a thread: None

Heap address: 0x0000000081800000, size: 2024 MB, Compressed Oops mode: 32-bit
Narrow klass base: 0x0000000800000000, Narrow klass shift: 3
Compressed class space size: 1073741824 Address: 0x0000000801190000

Heap:
 garbage-first heap   total 8192K, used 2385K [0x0000000081800000, 0x0000000100000000)
  region size 1024K, 2 young (2048K), 1 survivors (1024K)
 Metaspace       used 7252K, capacity 10687K, committed 11008K, reserved 1058816K
  class space    used 874K, capacity 1208K, committed 1280K, reserved 1048576K
Heap Regions: E=young(eden), S=young(survivor), O=old, HS=humongous(starts), HC=humongous(continues), CS=collection set, F=free, A=archive, TAMS=top-at-mark-start (previous, next)
|   0|0x0000000081800000, 0x0000000081900000, 0x0000000081900000|100%| O|  |TAMS 0x0000000081800000, 0x0000000081800000| Untracked 
|   1|0x0000000081900000, 0x0000000081991c00, 0x0000000081a00000| 56%| O|  |TAMS 0x0000000081900000, 0x0000000081900000| Untracked 
|   2|0x0000000081a00000, 0x0000000081a00000, 0x0000000081b00000|  0%| F|  |TAMS 0x0000000081a00000, 0x0000000081a00000| Untracked 
|   3|0x0000000081b00000, 0x0000000081b00000, 0x0000000081c00000|  0%| F|  |TAMS 0x0000000081b00000, 0x0000000081b00000| Untracked 
|   4|0x0000000081c00000, 0x0000000081c00000, 0x0000000081d00000|  0%| F|  |TAMS 0x0000000081c00000, 0x0000000081c00000| Untracked 
|   5|0x0000000081d00000, 0x0000000081d00000, 0x0000000081e00000|  0%| F|  |TAMS 0x0000000081d00000, 0x0000000081d00000| Untracked 
|   6|0x0000000081e00000, 0x0000000081ec29a0, 0x0000000081f00000| 76%| S|CS|TAMS 0x0000000081e00000, 0x0000000081e00000| Complete 
|   7|0x0000000081f00000, 0x0000000081f458f8, 0x0000000082000000| 27%| E|  |TAMS 0x0000000081f00000, 0x0000000081f00000| Complete 

Card table byte_map: [0x00000142c1720000,0x00000142c1b20000] _byte_map_base: 0x00000142c1314000

Marking Bits (Prev, Next): (CMBitMap*) 0x00000142a9c29b38, (CMBitMap*) 0x00000142a9c29b78
 Prev Bits: [0x00000142c1f20000, 0x00000142c3ec0000)
 Next Bits: [0x00000142c3ec0000, 0x00000142c5e60000)

Polling page: 0x00000142a7b70000

Metaspace:

Usage:
  Non-class:      9.26 MB capacity,     6.23 MB ( 67%) used,     3.01 MB ( 33%) free+waste,    16.63 KB ( <1%) overhead. 
      Class:      1.18 MB capacity,   874.13 KB ( 72%) used,   325.44 KB ( 27%) free+waste,     8.44 KB ( <1%) overhead. 
       Both:     10.44 MB capacity,     7.08 MB ( 68%) used,     3.33 MB ( 32%) free+waste,    25.06 KB ( <1%) overhead. 

Virtual space:
  Non-class space:       10.00 MB reserved,       9.50 MB ( 95%) committed 
      Class space:        1.00 GB reserved,       1.25 MB ( <1%) committed 
             Both:        1.01 GB reserved,      10.75 MB (  1%) committed 

Chunk freelists:
   Non-Class:  0 bytes
       Class:  1.00 KB
        Both:  1.00 KB

CodeHeap 'non-profiled nmethods': size=120000Kb used=171Kb max_used=171Kb free=119828Kb
 bounds [0x00000142b9ac0000, 0x00000142b9d30000, 0x00000142c0ff0000]
CodeHeap 'profiled nmethods': size=120000Kb used=906Kb max_used=906Kb free=119093Kb
 bounds [0x00000142b2590000, 0x00000142b2800000, 0x00000142b9ac0000]
CodeHeap 'non-nmethods': size=5760Kb used=1094Kb max_used=1105Kb free=4666Kb
 bounds [0x00000142b1ff0000, 0x00000142b2260000, 0x00000142b2590000]
 total_blobs=1077 nmethods=569 adapters=297
 compilation: enabled
              stopped_count=0, restarted_count=0
 full_count=0

Compilation events (10 events):
Event: 0.365 Thread 0x00000142c902f000 nmethod 565 0x00000142b2671490 code [0x00000142b2671660, 0x00000142b26718f8]
Event: 0.365 Thread 0x00000142c902f000  569       3       java.util.ArrayList::isEmpty (13 bytes)
Event: 0.366 Thread 0x00000142c902f000 nmethod 569 0x00000142b2671a10 code [0x00000142b2671bc0, 0x00000142b2671d98]
Event: 0.366 Thread 0x00000142c902f000  568       1       com.sun.tools.javac.util.List$1::isEmpty (2 bytes)
Event: 0.366 Thread 0x00000142c902f000 nmethod 568 0x00000142b9aeaa10 code [0x00000142b9aeabc0, 0x00000142b9aeacf8]
Event: 0.366 Thread 0x00000142c902f000  566       3       com.sun.tools.javac.util.Name::<init> (10 bytes)
Event: 0.366 Thread 0x00000142c902f000 nmethod 566 0x00000142b2671e10 code [0x00000142b2671fe0, 0x00000142b2672218]
Event: 0.366 Thread 0x00000142c902f000  570       3       com.sun.tools.javac.parser.Scanner::token (30 bytes)
Event: 0.366 Thread 0x00000142c902f000 nmethod 570 0x00000142b2672310 code [0x00000142b2672500, 0x00000142b2672900]
Event: 0.366 Thread 0x00000142c902f000  574   !   3       com.sun.tools.javac.parser.JavaTokenizer::readToken (2171 bytes)

GC Heap History (8 events):
Event: 0.180 GC heap before
{Heap before GC invocations=0 (full 0):
 garbage-first heap   total 8192K, used 2048K [0x0000000081800000, 0x0000000100000000)
  region size 1024K, 3 young (3072K), 0 survivors (0K)
 Metaspace       used 2406K, capacity 6118K, committed 6272K, reserved 1056768K
  class space    used 291K, capacity 640K, committed 640K, reserved 1048576K
}
Event: 0.183 GC heap after
{Heap after GC invocations=1 (full 0):
 garbage-first heap   total 8192K, used 1114K [0x0000000081800000, 0x0000000100000000)
  region size 1024K, 1 young (1024K), 1 survivors (1024K)
 Metaspace       used 2406K, capacity 6118K, committed 6272K, reserved 1056768K
  class space    used 291K, capacity 640K, committed 640K, reserved 1048576K
}
Event: 0.233 GC heap before
{Heap before GC invocations=1 (full 0):
 garbage-first heap   total 8192K, used 2138K [0x0000000081800000, 0x0000000100000000)
  region size 1024K, 2 young (2048K), 1 survivors (1024K)
 Metaspace       used 3897K, capacity 7543K, committed 7808K, reserved 1056768K
  class space    used 494K, capacity 838K, committed 896K, reserved 1048576K
}
Event: 0.236 GC heap after
{Heap after GC invocations=2 (full 0):
 garbage-first heap   total 8192K, used 1643K [0x0000000081800000, 0x0000000100000000)
  region size 1024K, 1 young (1024K), 1 survivors (1024K)
 Metaspace       used 3897K, capacity 7543K, committed 7808K, reserved 1056768K
  class space    used 494K, capacity 838K, committed 896K, reserved 1048576K
}
Event: 0.295 GC heap before
{Heap before GC invocations=2 (full 0):
 garbage-first heap   total 8192K, used 2667K [0x0000000081800000, 0x0000000100000000)
  region size 1024K, 2 young (2048K), 1 survivors (1024K)
 Metaspace       used 5330K, capacity 8995K, committed 9344K, reserved 1056768K
  class space    used 663K, capacity 1025K, committed 1152K, reserved 1048576K
}
Event: 0.296 GC heap after
{Heap after GC invocations=3 (full 0):
 garbage-first heap   total 8192K, used 1983K [0x0000000081800000, 0x0000000100000000)
  region size 1024K, 1 young (1024K), 1 survivors (1024K)
 Metaspace       used 5330K, capacity 8995K, committed 9344K, reserved 1056768K
  class space    used 663K, capacity 1025K, committed 1152K, reserved 1048576K
}
Event: 0.347 GC heap before
{Heap before GC invocations=3 (full 0):
 garbage-first heap   total 8192K, used 3007K [0x0000000081800000, 0x0000000100000000)
  region size 1024K, 2 young (2048K), 1 survivors (1024K)
 Metaspace       used 6742K, capacity 10243K, committed 10496K, reserved 1058816K
  class space    used 837K, capacity 1166K, committed 1280K, reserved 1048576K
}
Event: 0.349 GC heap after
{Heap after GC invocations=4 (full 0):
 garbage-first heap   total 8192K, used 2385K [0x0000000081800000, 0x0000000100000000)
  region size 1024K, 1 young (1024K), 1 survivors (1024K)
 Metaspace       used 6742K, capacity 10243K, committed 10496K, reserved 1058816K
  class space    used 837K, capacity 1166K, committed 1280K, reserved 1048576K
}

Deoptimization events (8 events):
Event: 0.098 Thread 0x00000142a9be9800 Uncommon trap: reason=class_check action=maybe_recompile pc=0x00000142b9acebb8 method=java.util.HashMap.putVal(ILjava/lang/Object;Ljava/lang/Object;ZZ)Ljava/lang/Object; @ 152 c2
Event: 0.099 Thread 0x00000142a9be9800 Uncommon trap: reason=class_check action=maybe_recompile pc=0x00000142b9acebb8 method=java.util.HashMap.putVal(ILjava/lang/Object;Ljava/lang/Object;ZZ)Ljava/lang/Object; @ 152 c2
Event: 0.099 Thread 0x00000142a9be9800 Uncommon trap: reason=class_check action=maybe_recompile pc=0x00000142b9acebb8 method=java.util.HashMap.putVal(ILjava/lang/Object;Ljava/lang/Object;ZZ)Ljava/lang/Object; @ 152 c2
Event: 0.099 Thread 0x00000142a9be9800 Uncommon trap: reason=class_check action=maybe_recompile pc=0x00000142b9acebb8 method=java.util.HashMap.putVal(ILjava/lang/Object;Ljava/lang/Object;ZZ)Ljava/lang/Object; @ 152 c2
Event: 0.164 Thread 0x00000142a9be9800 Uncommon trap: reason=unstable_if action=reinterpret pc=0x00000142b9ad0710 method=java.nio.Buffer.hasRemaining()Z @ 8 c2
Event: 0.293 Thread 0x00000142a9be9800 Uncommon trap: reason=unstable_if action=reinterpret pc=0x00000142b9ae036c method=java.lang.StringLatin1.replace([BCC)Ljava/lang/String; @ 19 c2
Event: 0.298 Thread 0x00000142a9be9800 Uncommon trap: reason=unstable_if action=reinterpret pc=0x00000142b9ad7e40 method=java.util.HashMap.putVal(ILjava/lang/Object;Ljava/lang/Object;ZZ)Ljava/lang/Object; @ 181 c2
Event: 0.343 Thread 0x00000142a9be9800 Uncommon trap: reason=unstable_if action=reinterpret pc=0x00000142b9adf8d4 method=java.lang.String.regionMatches(ILjava/lang/String;II)Z @ 111 c2

Classes redefined (0 events):
No events

Internal exceptions (10 events):
Event: 0.231 Thread 0x00000142a9be9800 Exception <a 'java/lang/NoSuchMethodError'{0x0000000081ff8f10}: java.lang.invoke.DirectMethodHandle$Holder.invokeStaticInit(Ljava/lang/Object;Ljava/lang/Object;)I> (0x0000000081ff8f10) thrown at [t:/workspace/open/src/hotspot/share/interpreter/linkResolve
Event: 0.290 Thread 0x00000142a9be9800 Exception <a 'java/lang/NoSuchMethodError'{0x0000000081fd05f8}: java.lang.invoke.DirectMethodHandle$Holder.invokeVirtual(Ljava/lang/Object;Ljava/lang/Object;)I> (0x0000000081fd05f8) thrown at [t:/workspace/open/src/hotspot/share/interpreter/linkResolver.c
Event: 0.296 Thread 0x00000142a9be9800 Exception <a 'java/lang/NoSuchMethodError'{0x0000000081f008c8}: java.lang.invoke.Invokers$Holder.linkToTargetMethod(Ljava/lang/Object;Ljava/lang/Object;Ljava/lang/Object;Ljava/lang/Object;Ljava/lang/Object;Ljava/lang/Object;)Ljava/lang/Object;> (0x0000000
Event: 0.304 Thread 0x00000142a9be9800 Exception <a 'sun/nio/fs/WindowsException'{0x0000000081f2ebf8}> (0x0000000081f2ebf8) thrown at [t:/workspace/open/src/hotspot/share/prims/jni.cpp, line 615]
Event: 0.305 Thread 0x00000142a9be9800 Exception <a 'sun/nio/fs/WindowsException'{0x0000000081f2ee38}> (0x0000000081f2ee38) thrown at [t:/workspace/open/src/hotspot/share/prims/jni.cpp, line 615]
Event: 0.337 Thread 0x00000142a9be9800 Exception <a 'java/lang/NoSuchMethodError'{0x0000000081fb1d98}: java.lang.invoke.DirectMethodHandle$Holder.invokeSpecialIFC(Ljava/lang/Object;Ljava/lang/Object;I)I> (0x0000000081fb1d98) thrown at [t:/workspace/open/src/hotspot/share/interpreter/linkResolv
Event: 0.369 Thread 0x00000142a9be9800 Exception <a 'sun/nio/fs/WindowsException'{0x0000000081f3ac70}> (0x0000000081f3ac70) thrown at [t:/workspace/open/src/hotspot/share/prims/jni.cpp, line 615]
Event: 0.369 Thread 0x00000142a9be9800 Exception <a 'sun/nio/fs/WindowsException'{0x0000000081f3aee0}> (0x0000000081f3aee0) thrown at [t:/workspace/open/src/hotspot/share/prims/jni.cpp, line 615]
Event: 0.369 Thread 0x00000142a9be9800 Exception <a 'sun/nio/fs/WindowsException'{0x0000000081f3bc90}> (0x0000000081f3bc90) thrown at [t:/workspace/open/src/hotspot/share/prims/jni.cpp, line 615]
Event: 0.369 Thread 0x00000142a9be9800 Exception <a 'sun/nio/fs/WindowsException'{0x0000000081f3bf40}> (0x0000000081f3bf40) thrown at [t:/workspace/open/src/hotspot/share/prims/jni.cpp, line 615]

Events (10 events):
Event: 0.367 loading class com/sun/tools/javac/tree/JCTree
Event: 0.367 loading class com/sun/tools/javac/tree/JCTree done
Event: 0.368 loading class com/sun/tools/javac/comp/Modules
Event: 0.368 loading class com/sun/tools/javac/comp/Modules done
Event: 0.370 loading class jdk/internal/jrtfs/JrtDirectoryStream
Event: 0.370 loading class jdk/internal/jrtfs/JrtDirectoryStream done
Event: 0.371 loading class jdk/internal/jimage/ImageReader$SharedImageReader$LocationVisitor
Event: 0.371 loading class jdk/internal/jimage/ImageReader$SharedImageReader$LocationVisitor done
Event: 0.371 loading class java/nio/ByteBufferAsIntBufferL
Event: 0.371 loading class java/nio/ByteBufferAsIntBufferL done


Dynamic libraries:
0x00007ff6ca8c0000 - 0x00007ff6ca8c8000 	C:\Program Files\Java\jdk-12.0.2\bin\javac.exe
0x00007ffa3ff80000 - 0x00007ffa40170000 	C:\WINDOWS\SYSTEM32\ntdll.dll
0x00007ffa3ec80000 - 0x00007ffa3ed32000 	C:\WINDOWS\System32\KERNEL32.DLL
0x00007ffa3d220000 - 0x00007ffa3d4c5000 	C:\WINDOWS\System32\KERNELBASE.dll
0x00007ffa3d120000 - 0x00007ffa3d21a000 	C:\WINDOWS\System32\ucrtbase.dll
0x00007ffa2d460000 - 0x00007ffa2d478000 	C:\Program Files\Java\jdk-12.0.2\bin\jli.dll
0x00007ffa397a0000 - 0x00007ffa397b6000 	C:\Program Files\Java\jdk-12.0.2\bin\VCRUNTIME140.dll
0x00007ffa3f4e0000 - 0x00007ffa3f583000 	C:\WINDOWS\System32\ADVAPI32.dll
0x00007ffa3e350000 - 0x00007ffa3e3ee000 	C:\WINDOWS\System32\msvcrt.dll
0x00007ffa3efd0000 - 0x00007ffa3f067000 	C:\WINDOWS\System32\sechost.dll
0x00007ffa3f3c0000 - 0x00007ffa3f4e0000 	C:\WINDOWS\System32\RPCRT4.dll
0x00007ffa3e030000 - 0x00007ffa3e1c4000 	C:\WINDOWS\System32\USER32.dll
0x00007ffa3d840000 - 0x00007ffa3d861000 	C:\WINDOWS\System32\win32u.dll
0x00007ffa3e1d0000 - 0x00007ffa3e1f6000 	C:\WINDOWS\System32\GDI32.dll
0x00007ffa3d6a0000 - 0x00007ffa3d836000 	C:\WINDOWS\System32\gdi32full.dll
0x00007ffa2f7f0000 - 0x00007ffa2fa74000 	C:\WINDOWS\WinSxS\amd64_microsoft.windows.common-controls_6595b64144ccf1df_6.0.18362.1198_none_9e820b57e45ad92f\COMCTL32.dll
0x00007ffa3cfb0000 - 0x00007ffa3d04e000 	C:\WINDOWS\System32\msvcp_win.dll
0x00007ffa3f070000 - 0x00007ffa3f3a5000 	C:\WINDOWS\System32\combase.dll
0x00007ffa3d4d0000 - 0x00007ffa3d550000 	C:\WINDOWS\System32\bcryptPrimitives.dll
0x00007ffa371a0000 - 0x00007ffa371aa000 	C:\WINDOWS\SYSTEM32\VERSION.dll
0x00007ffa3e550000 - 0x00007ffa3e57e000 	C:\WINDOWS\System32\IMM32.DLL
0x00007ffa2d870000 - 0x00007ffa2d91a000 	C:\Program Files\Java\jdk-12.0.2\bin\msvcp140.dll
0x00007ffa2dac0000 - 0x00007ffa2e637000 	C:\Program Files\Java\jdk-12.0.2\bin\server\jvm.dll
0x00007ffa3f3b0000 - 0x00007ffa3f3b8000 	C:\WINDOWS\System32\PSAPI.DLL
0x00007ffa2c740000 - 0x00007ffa2c749000 	C:\WINDOWS\SYSTEM32\WSOCK32.dll
0x00007ffa394b0000 - 0x00007ffa394d4000 	C:\WINDOWS\SYSTEM32\WINMM.dll
0x00007ffa3f590000 - 0x00007ffa3f5ff000 	C:\WINDOWS\System32\WS2_32.dll
0x00007ffa39480000 - 0x00007ffa394ad000 	C:\WINDOWS\SYSTEM32\winmmbase.dll
0x00007ffa3d050000 - 0x00007ffa3d09a000 	C:\WINDOWS\System32\cfgmgr32.dll
0x00007ffa3ce40000 - 0x00007ffa3ce51000 	C:\WINDOWS\System32\kernel.appcore.dll
0x00007ffa39710000 - 0x00007ffa39721000 	C:\Program Files\Java\jdk-12.0.2\bin\verify.dll
0x00007ffa3b720000 - 0x00007ffa3b914000 	C:\WINDOWS\SYSTEM32\DBGHELP.DLL
0x00007ffa2bc40000 - 0x00007ffa2bc6a000 	C:\WINDOWS\SYSTEM32\dbgcore.DLL
0x00007ffa39730000 - 0x00007ffa39756000 	C:\Program Files\Java\jdk-12.0.2\bin\java.dll
0x00007ffa396f0000 - 0x00007ffa39707000 	C:\Program Files\Java\jdk-12.0.2\bin\zip.dll
0x00007ffa396e0000 - 0x00007ffa396ea000 	C:\Program Files\Java\jdk-12.0.2\bin\jimage.dll
0x00007ffa3e580000 - 0x00007ffa3ec67000 	C:\WINDOWS\System32\SHELL32.dll
0x00007ffa3fe90000 - 0x00007ffa3ff39000 	C:\WINDOWS\System32\shcore.dll
0x00007ffa3d8a0000 - 0x00007ffa3e021000 	C:\WINDOWS\System32\windows.storage.dll
0x00007ffa3ced0000 - 0x00007ffa3cef3000 	C:\WINDOWS\System32\profapi.dll
0x00007ffa3ce80000 - 0x00007ffa3ceca000 	C:\WINDOWS\System32\powrprof.dll
0x00007ffa3ce30000 - 0x00007ffa3ce40000 	C:\WINDOWS\System32\UMPDC.dll
0x00007ffa3f8d0000 - 0x00007ffa3f922000 	C:\WINDOWS\System32\shlwapi.dll
0x00007ffa3d0a0000 - 0x00007ffa3d0b7000 	C:\WINDOWS\System32\cryptsp.dll
0x00007ffa396c0000 - 0x00007ffa396d9000 	C:\Program Files\Java\jdk-12.0.2\bin\net.dll
0x00007ffa34350000 - 0x00007ffa34440000 	C:\WINDOWS\SYSTEM32\WINHTTP.dll
0x00007ffa2b180000 - 0x00007ffa2b356000 	C:\WINDOWS\SYSTEM32\urlmon.dll
0x00007ffa2aed0000 - 0x00007ffa2b177000 	C:\WINDOWS\SYSTEM32\iertutil.dll
0x00007ffa3c850000 - 0x00007ffa3c85c000 	C:\WINDOWS\SYSTEM32\CRYPTBASE.DLL
0x00007ffa3c680000 - 0x00007ffa3c6e7000 	C:\WINDOWS\system32\mswsock.dll
0x00007ffa38670000 - 0x00007ffa38683000 	C:\Program Files\Java\jdk-12.0.2\bin\nio.dll

dbghelp: loaded successfully - version: 4.0.5 - missing functions: none
symbol engine: initialized successfully - sym options: 0x614 - pdb path: .;C:\Program Files\Java\jdk-12.0.2\bin;C:\WINDOWS\SYSTEM32;C:\WINDOWS\WinSxS\amd64_microsoft.windows.common-controls_6595b64144ccf1df_6.0.18362.1198_none_9e820b57e45ad92f;C:\Program Files\Java\jdk-12.0.2\bin\server

VM Arguments:
jvm_args: -Dapplication.home=C:\Program Files\Java\jdk-12.0.2 --add-modules=ALL-DEFAULT -Xms8m -Djdk.module.main=jdk.compiler 
java_command: jdk.compiler/com.sun.tools.javac.Main -d E:\java\travel managment system\build\classes -classpath E:\java\travel managment system\build\classes;E:\java\travel managment system\lib\mysql-connector-java-8.0.21.jar -sourcepath E:\java\travel managment system\src -target 12 -encoding UTF-8 -g -processorpath E:\java\travel managment system\lib\mysql-connector-java-8.0.21.jar;E:\java\travel managment system\build\empty -s E:\java\travel managment system\build\generated-sources\ap-source-output -source 12 E:\java\travel managment system\src\travel\management\system\BookingConfirm.java
java_class_path (initial): <not set>
Launcher Type: SUN_STANDARD

[Global flags]
     intx CICompilerCount                          = 4                                         {product} {ergonomic}
     uint ConcGCThreads                            = 2                                         {product} {ergonomic}
     uint G1ConcRefinementThreads                  = 8                                         {product} {ergonomic}
   size_t G1HeapRegionSize                         = 1048576                                   {product} {ergonomic}
    uintx GCDrainStackTargetSize                   = 64                                        {product} {ergonomic}
   size_t InitialHeapSize                          = 8388608                                   {product} {command line}
   size_t MarkStackSize                            = 4194304                                   {product} {ergonomic}
   size_t MaxHeapSize                              = 2122317824                                {product} {ergonomic}
   size_t MaxNewSize                               = 1272971264                                {product} {ergonomic}
   size_t MinHeapDeltaBytes                        = 1048576                                   {product} {ergonomic}
    uintx NonNMethodCodeHeapSize                   = 5836300                                {pd product} {ergonomic}
    uintx NonProfiledCodeHeapSize                  = 122910970                              {pd product} {ergonomic}
    uintx ProfiledCodeHeapSize                     = 122910970                              {pd product} {ergonomic}
    uintx ReservedCodeCacheSize                    = 251658240                              {pd product} {ergonomic}
     bool SegmentedCodeCache                       = true                                      {product} {ergonomic}
     bool UseCompressedClassPointers               = true                                 {lp64_product} {ergonomic}
     bool UseCompressedOops                        = true                                 {lp64_product} {ergonomic}
     bool UseG1GC                                  = true                                      {product} {ergonomic}
     bool UseLargePagesIndividualAllocation        = false                                  {pd product} {ergonomic}

Logging:
Log output configuration:
 #0: stdout all=warning uptime,level,tags
 #1: stderr all=off uptime,level,tags

Environment Variables:
JAVA_HOME=C:\Program Files\Java\jdk-12.0.2\bin
PATH=C:\Program Files\Java\jdk-12.0.2\bin;C:\Program Files (x86)\Intel\Intel(R) Management Engine Components\iCLS\;C:\Program Files\Intel\Intel(R) Management Engine Components\iCLS\;C:\WINDOWS\system32;C:\WINDOWS;C:\WINDOWS\System32\Wbem;C:\WINDOWS\System32\WindowsPowerShell\v1.0\;C:\WINDOWS\System32\OpenSSH\;C:\Program Files (x86)\Intel\Intel(R) Management Engine Components\DAL;C:\Program Files\Intel\Intel(R) Management Engine Components\DAL;C:\Program Files (x86)\Intel\Intel(R) Management Engine Components\IPT;C:\Program Files\Intel\Intel(R) Management Engine Components\IPT;C:\Program Files\MySQL\MySQL Shell 8.0\bin\;C:\Users\user\AppData\Local\Microsoft\WindowsApps;C:\ProgramData\user\atom\bin;C:\Users\user\AppData\Local\atom\bin
USERNAME=user
OS=Windows_NT
PROCESSOR_IDENTIFIER=Intel64 Family 6 Model 142 Stepping 10, GenuineIntel



---------------  S Y S T E M  ---------------

OS: Windows 10 , 64 bit Build 18362 (10.0.18362.1110)

CPU:total 8 (initial active 8) (4 cores per cpu, 2 threads per core) family 6 model 142 stepping 10, cmov, cx8, fxsr, mmx, sse, sse2, sse3, ssse3, sse4.1, sse4.2, popcnt, avx, avx2, aes, clmul, erms, 3dnowpref, lzcnt, ht, tsc, tscinvbit, bmi1, bmi2, adx, fma

Memory: 4k page, system-wide physical 8089M (1383M free)
TotalPageFile size 32665M (AvailPageFile size 5M)
current process WorkingSet (physical memory assigned to process): 53M, peak: 53M
current process commit charge ("private bytes"): 92M, peak: 92M

vm_info: Java HotSpot(TM) 64-Bit Server VM (12.0.2+10) for windows-amd64 JRE (12.0.2+10), built on Jul 16 2019 01:56:17 by "mach5one" with MS VC++ 15.5 (VS2017)

END.
