#
# There is insufficient memory for the Java Runtime Environment to continue.
# Native memory allocation (malloc) failed to allocate 1048576 bytes for AllocateHeap
# Possible reasons:
#   The system is out of physical RAM or swap space
#   The process is running with CompressedOops enabled, and the Java Heap may be blocking the growth of the native heap
# Possible solutions:
#   Reduce memory load on the system
#   Increase physical memory or swap space
#   Check if swap backing store is full
#   Decrease Java heap size (-Xmx/-Xms)
#   Decrease number of Java threads
#   Decrease Java thread stack sizes (-Xss)
#   Set larger code cache with -XX:ReservedCodeCacheSize=
# This output file may be truncated or incomplete.
#
#  Out of Memory Error (t:/workspace/open/src/hotspot/share/memory/allocation.cpp:46), pid=28640, tid=26268
#
# JRE version:  (12.0.2+10) (build )
# Java VM: Java HotSpot(TM) 64-Bit Server VM (12.0.2+10, mixed mode, aot, sharing, tiered, compressed oops, g1 gc, windows-amd64)
# No core dump will be written. Minidumps are not enabled by default on client versions of Windows
#

---------------  S U M M A R Y ------------

Command Line: -Dapplication.home=C:\Program Files\Java\jdk-12.0.2 --add-modules=ALL-DEFAULT -Xms8m -Djdk.module.main=jdk.compiler jdk.compiler/com.sun.tools.javac.Main -d E:\java\travel managment system\build\classes -classpath E:\java\travel managment system\build\classes;E:\java\travel managment system\lib\mysql-connector-java-8.0.21.jar -sourcepath E:\java\travel managment system\build\empty -target 12 -encoding UTF-8 -g -processorpath E:\java\travel managment system\lib\mysql-connector-java-8.0.21.jar;E:\java\travel managment system\build\empty -s E:\java\travel managment system\build\generated-sources\ap-source-output -source 12 E:\java\travel managment system\src\travel\management\system\Dashboard.java E:\java\travel managment system\src\travel\management\system\StartBooking.java

Host: Intel(R) Core(TM) i5-8250U CPU @ 1.60GHz, 8 cores, 7G,  Windows 10 , 64 bit Build 18362 (10.0.18362.1110)
Time: Fri Jan  1 13:49:35 2021 India Standard Time elapsed time: 0 seconds (0d 0h 0m 0s)

---------------  T H R E A D  ---------------

Current thread (0x000002120a2e0000):  JavaThread "Unknown thread" [_thread_in_vm, id=26268, stack(0x0000004b7d800000,0x0000004b7d900000)]

Stack: [0x0000004b7d800000,0x0000004b7d900000]
Native frames: (J=compiled Java code, j=interpreted, Vv=VM code, C=native code)
V  [jvm.dll+0x63aa2a]
V  [jvm.dll+0x78ce1e]
V  [jvm.dll+0x78e4c1]
V  [jvm.dll+0x78eb13]
V  [jvm.dll+0x2627e8]
V  [jvm.dll+0xbcabf]
V  [jvm.dll+0x300a83]
V  [jvm.dll+0x2f9695]
V  [jvm.dll+0x767267]
V  [jvm.dll+0x7689f5]
V  [jvm.dll+0x380059]
V  [jvm.dll+0x74b794]
V  [jvm.dll+0x3ef5cd]
V  [jvm.dll+0x3f1471]
C  [jli.dll+0x51cf]
C  [ucrtbase.dll+0x210b2]
C  [KERNEL32.DLL+0x17c24]
C  [ntdll.dll+0x6d4d1]


---------------  P R O C E S S  ---------------

Threads class SMR info:
_java_thread_list=0x00007ffd2fe77928, length=0, elements={
}

Java Threads: ( => current thread )

Other Threads:
  0x000002120a319800 GCTaskThread "GC Thread#0" [stack: 0x0000004b7d900000,0x0000004b7da00000] [id=2384]

[error occurred during error reporting (printing all threads), id 0xc0000005, EXCEPTION_ACCESS_VIOLATION (0xc0000005) at pc=0x00007ffd2f6a5680]

VM state:not at safepoint (not fully initialized)

VM Mutex/Monitor currently owned by a thread:  ([mutex/lock_event])
[0x000002120a2dd970] Heap_lock - owner thread: 0x000002120a2e0000

Heap address: 0x0000000081800000, size: 2024 MB, Compressed Oops mode: Non-zero based: 0x0000000081800000
Narrow klass base: 0x0000000000000000, Narrow klass shift: 0

GC Heap History (0 events):
No events

Deoptimization events (0 events):
No events

Classes redefined (0 events):
No events

Internal exceptions (0 events):
No events

Events (0 events):
No events


Dynamic libraries:
0x00007ff6183e0000 - 0x00007ff6183e8000 	C:\Program Files\Java\jdk-12.0.2\bin\javac.exe
0x00007ffd8a1a0000 - 0x00007ffd8a390000 	C:\WINDOWS\SYSTEM32\ntdll.dll
0x00007ffd88290000 - 0x00007ffd88342000 	C:\WINDOWS\System32\KERNEL32.DLL
0x00007ffd87d70000 - 0x00007ffd88015000 	C:\WINDOWS\System32\KERNELBASE.dll
0x00007ffd87410000 - 0x00007ffd8750a000 	C:\WINDOWS\System32\ucrtbase.dll
0x00007ffd7fd00000 - 0x00007ffd7fd16000 	C:\Program Files\Java\jdk-12.0.2\bin\VCRUNTIME140.dll
0x00007ffd46f80000 - 0x00007ffd46f98000 	C:\Program Files\Java\jdk-12.0.2\bin\jli.dll
0x00007ffd89a90000 - 0x00007ffd89b33000 	C:\WINDOWS\System32\ADVAPI32.dll
0x00007ffd88620000 - 0x00007ffd886be000 	C:\WINDOWS\System32\msvcrt.dll
0x00007ffd88350000 - 0x00007ffd883e7000 	C:\WINDOWS\System32\sechost.dll
0x00007ffd89cb0000 - 0x00007ffd89dd0000 	C:\WINDOWS\System32\RPCRT4.dll
0x00007ffd89f00000 - 0x00007ffd8a094000 	C:\WINDOWS\System32\USER32.dll
0x00007ffd880f0000 - 0x00007ffd88111000 	C:\WINDOWS\System32\win32u.dll
0x00007ffd886c0000 - 0x00007ffd886e6000 	C:\WINDOWS\System32\GDI32.dll
0x00007ffd787b0000 - 0x00007ffd78a34000 	C:\WINDOWS\WinSxS\amd64_microsoft.windows.common-controls_6595b64144ccf1df_6.0.18362.1198_none_9e820b57e45ad92f\COMCTL32.dll
0x00007ffd87270000 - 0x00007ffd87406000 	C:\WINDOWS\System32\gdi32full.dll
0x00007ffd89750000 - 0x00007ffd89a85000 	C:\WINDOWS\System32\combase.dll
0x00007ffd87510000 - 0x00007ffd875ae000 	C:\WINDOWS\System32\msvcp_win.dll
0x00007ffd88020000 - 0x00007ffd880a0000 	C:\WINDOWS\System32\bcryptPrimitives.dll
0x00007ffd7fb50000 - 0x00007ffd7fb5a000 	C:\WINDOWS\SYSTEM32\VERSION.dll
0x00007ffd88260000 - 0x00007ffd8828e000 	C:\WINDOWS\System32\IMM32.DLL
0x00007ffd2f150000 - 0x00007ffd2f1fa000 	C:\Program Files\Java\jdk-12.0.2\bin\msvcp140.dll
0x00007ffd2f3a0000 - 0x00007ffd2ff17000 	C:\Program Files\Java\jdk-12.0.2\bin\server\jvm.dll
0x00007ffd89bc0000 - 0x00007ffd89bc8000 	C:\WINDOWS\System32\PSAPI.DLL
0x00007ffd73120000 - 0x00007ffd73129000 	C:\WINDOWS\SYSTEM32\WSOCK32.dll
0x00007ffd82cc0000 - 0x00007ffd82ce4000 	C:\WINDOWS\SYSTEM32\WINMM.dll
0x00007ffd89460000 - 0x00007ffd894cf000 	C:\WINDOWS\System32\WS2_32.dll
0x00007ffd82c80000 - 0x00007ffd82cad000 	C:\WINDOWS\SYSTEM32\winmmbase.dll
0x00007ffd880a0000 - 0x00007ffd880ea000 	C:\WINDOWS\System32\cfgmgr32.dll
0x00007ffd87060000 - 0x00007ffd87071000 	C:\WINDOWS\System32\kernel.appcore.dll
0x00007ffd7fc70000 - 0x00007ffd7fc81000 	C:\Program Files\Java\jdk-12.0.2\bin\verify.dll
0x00007ffd85930000 - 0x00007ffd85b24000 	C:\WINDOWS\SYSTEM32\DBGHELP.DLL
0x00007ffd72fd0000 - 0x00007ffd72ffa000 	C:\WINDOWS\SYSTEM32\dbgcore.DLL
0x00007ffd7fc90000 - 0x00007ffd7fcb6000 	C:\Program Files\Java\jdk-12.0.2\bin\java.dll
0x00007ffd7fc50000 - 0x00007ffd7fc67000 	C:\Program Files\Java\jdk-12.0.2\bin\zip.dll
0x00007ffd82d00000 - 0x00007ffd82d0a000 	C:\Program Files\Java\jdk-12.0.2\bin\jimage.dll

dbghelp: loaded successfully - version: 4.0.5 - missing functions: none
symbol engine: initialized successfully - sym options: 0x614 - pdb path: .;C:\Program Files\Java\jdk-12.0.2\bin;C:\WINDOWS\SYSTEM32;C:\WINDOWS\WinSxS\amd64_microsoft.windows.common-controls_6595b64144ccf1df_6.0.18362.1198_none_9e820b57e45ad92f;C:\Program Files\Java\jdk-12.0.2\bin\server

VM Arguments:
jvm_args: -Dapplication.home=C:\Program Files\Java\jdk-12.0.2 --add-modules=ALL-DEFAULT -Xms8m -Djdk.module.main=jdk.compiler 
java_command: jdk.compiler/com.sun.tools.javac.Main -d E:\java\travel managment system\build\classes -classpath E:\java\travel managment system\build\classes;E:\java\travel managment system\lib\mysql-connector-java-8.0.21.jar -sourcepath E:\java\travel managment system\build\empty -target 12 -encoding UTF-8 -g -processorpath E:\java\travel managment system\lib\mysql-connector-java-8.0.21.jar;E:\java\travel managment system\build\empty -s E:\java\travel managment system\build\generated-sources\ap-source-output -source 12 E:\java\travel managment system\src\travel\management\system\Dashboard.java E:\java\travel managment system\src\travel\management\system\StartBooking.java
java_class_path (initial): <not set>
Launcher Type: SUN_STANDARD

[Global flags]
     intx CICompilerCount                          = 4                                         {product} {ergonomic}
     uint ConcGCThreads                            = 2                                         {product} {ergonomic}
     uint G1ConcRefinementThreads                  = 8                                         {product} {ergonomic}
   size_t G1HeapRegionSize                         = 1048576                                   {product} {ergonomic}
    uintx GCDrainStackTargetSize                   = 64                                        {product} {ergonomic}
   size_t InitialHeapSize                          = 8388608                                   {product} {command line}
   size_t MarkStackSize                            = 4194304                                   {product} {ergonomic}
   size_t MaxHeapSize                              = 2122317824                                {product} {ergonomic}
   size_t MinHeapDeltaBytes                        = 1048576                                   {product} {ergonomic}
    uintx NonNMethodCodeHeapSize                   = 5836300                                {pd product} {ergonomic}
    uintx NonProfiledCodeHeapSize                  = 122910970                              {pd product} {ergonomic}
    uintx ProfiledCodeHeapSize                     = 122910970                              {pd product} {ergonomic}
    uintx ReservedCodeCacheSize                    = 251658240                              {pd product} {ergonomic}
     bool SegmentedCodeCache                       = true                                      {product} {ergonomic}
     bool UseCompressedClassPointers               = true                                 {lp64_product} {ergonomic}
     bool UseCompressedOops                        = true                                 {lp64_product} {ergonomic}
     bool UseG1GC                                  = true                                      {product} {ergonomic}
     bool UseLargePagesIndividualAllocation        = false                                  {pd product} {ergonomic}

Logging:
Log output configuration:
 #0: stdout all=warning uptime,level,tags
 #1: stderr all=off uptime,level,tags

Environment Variables:
JAVA_HOME=C:\Program Files\Java\jdk-12.0.2\bin
PATH=C:\Program Files\Java\jdk-12.0.2\bin;C:\Program Files (x86)\Intel\Intel(R) Management Engine Components\iCLS\;C:\Program Files\Intel\Intel(R) Management Engine Components\iCLS\;C:\WINDOWS\system32;C:\WINDOWS;C:\WINDOWS\System32\Wbem;C:\WINDOWS\System32\WindowsPowerShell\v1.0\;C:\WINDOWS\System32\OpenSSH\;C:\Program Files (x86)\Intel\Intel(R) Management Engine Components\DAL;C:\Program Files\Intel\Intel(R) Management Engine Components\DAL;C:\Program Files (x86)\Intel\Intel(R) Management Engine Components\IPT;C:\Program Files\Intel\Intel(R) Management Engine Components\IPT;C:\Program Files\MySQL\MySQL Shell 8.0\bin\;C:\Users\user\AppData\Local\Microsoft\WindowsApps;C:\ProgramData\user\atom\bin;C:\Users\user\AppData\Local\atom\bin
USERNAME=user
OS=Windows_NT
PROCESSOR_IDENTIFIER=Intel64 Family 6 Model 142 Stepping 10, GenuineIntel



---------------  S Y S T E M  ---------------

OS: Windows 10 , 64 bit Build 18362 (10.0.18362.1110)

CPU:total 8 (initial active 8) (4 cores per cpu, 2 threads per core) family 6 model 142 stepping 10, cmov, cx8, fxsr, mmx, sse, sse2, sse3, ssse3, sse4.1, sse4.2, popcnt, avx, avx2, aes, clmul, erms, 3dnowpref, lzcnt, ht, tsc, tscinvbit, bmi1, bmi2, adx, fma

Memory: 4k page, system-wide physical 8089M (1354M free)
TotalPageFile size 32665M (AvailPageFile size 5M)
current process WorkingSet (physical memory assigned to process): 9M, peak: 9M
current process commit charge ("private bytes"): 55M, peak: 56M

vm_info: Java HotSpot(TM) 64-Bit Server VM (12.0.2+10) for windows-amd64 JRE (12.0.2+10), built on Jul 16 2019 01:56:17 by "mach5one" with MS VC++ 15.5 (VS2017)

END.
